# JRE version: Java(TM) SE Runtime Environment (8.0_191-b12) (build 1.8.0_191-b12)
# Java VM: Java HotSpot(TM) Client VM (25.191-b12 mixed mode windows-x86 )
Heap:
 def new generation   total 157248K, used 56676K [0x04800000, 0x0f2a0000, 0x0f2a0000)
  eden space 139776K,  40% used [0x04800000, 0x07f59108, 0x0d080000)
  from space 17472K,   0% used [0x0d080000, 0x0d080000, 0x0e190000)
  to   space 17472K,   0% used [0x0e190000, 0x0e190000, 0x0f2a0000)
 tenured generation   total 349568K, used 349567K [0x0f2a0000, 0x24800000, 0x24800000)
   the space 349568K,  99% used [0x0f2a0000, 0x247ffff8, 0x24800000, 0x24800000)
 Metaspace       used 23111K, capacity 23629K, committed 23808K, reserved 23936K
GC Heap History (10 events):
Event: 1589.597 GC heap before
{Heap before GC invocations=19 (full 4):
 def new generation   total 87168K, used 85699K [0x04800000, 0x0a690000, 0x0f2a0000)
  eden space 77504K, 100% used [0x04800000, 0x093b0000, 0x093b0000)
  from space 9664K,  84% used [0x093b0000, 0x09bb0d00, 0x09d20000)
  to   space 9664K,   0% used [0x09d20000, 0x09d20000, 0x0a690000)
 tenured generation   total 193532K, used 160735K [0x0f2a0000, 0x1af9f000, 0x24800000)
   the space 193532K,  83% used [0x0f2a0000, 0x18f97e88, 0x18f98000, 0x1af9f000)
 Metaspace       used 22881K, capacity 23402K, committed 23552K, reserved 23936K
Event: 1589.758 GC heap after
Heap after GC invocations=20 (full 5):
 def new generation   total 112320K, used 0K [0x04800000, 0x0c1d0000, 0x0f2a0000)
  eden space 99904K,   0% used [0x04800000, 0x04800000, 0x0a990000)
  from space 12416K,   0% used [0x0a990000, 0x0a990000, 0x0b5b0000)
  to   space 12416K,   0% used [0x0b5b0000, 0x0b5b0000, 0x0c1d0000)
 tenured generation   total 249304K, used 149581K [0x0f2a0000, 0x1e616000, 0x24800000)
   the space 249304K,  59% used [0x0f2a0000, 0x184b35b0, 0x184b3600, 0x1e616000)
 Metaspace       used 22881K, capacity 23402K, committed 23552K, reserved 23936K
}
Event: 1592.230 GC heap before
{Heap before GC invocations=20 (full 5):
 def new generation   total 112320K, used 98726K [0x04800000, 0x0c1d0000, 0x0f2a0000)
  eden space 99904K,  98% used [0x04800000, 0x0a869970, 0x0a990000)
  from space 12416K,   0% used [0x0a990000, 0x0a990000, 0x0b5b0000)
  to   space 12416K,   0% used [0x0b5b0000, 0x0b5b0000, 0x0c1d0000)
 tenured generation   total 249304K, used 149581K [0x0f2a0000, 0x1e616000, 0x24800000)
   the space 249304K,  59% used [0x0f2a0000, 0x184b35b0, 0x184b3600, 0x1e616000)
 Metaspace       used 22939K, capacity 23434K, committed 23552K, reserved 23936K
Event: 1592.243 GC heap after
Heap after GC invocations=21 (full 5):
 def new generation   total 112320K, used 10815K [0x04800000, 0x0c1d0000, 0x0f2a0000)
  eden space 99904K,   0% used [0x04800000, 0x04800000, 0x0a990000)
  from space 12416K,  87% used [0x0b5b0000, 0x0c03fcd0, 0x0c1d0000)
  to   space 12416K,   0% used [0x0a990000, 0x0a990000, 0x0b5b0000)
 tenured generation   total 249304K, used 166244K [0x0f2a0000, 0x1e616000, 0x24800000)
   the space 249304K,  66% used [0x0f2a0000, 0x194f9188, 0x194f9200, 0x1e616000)
 Metaspace       used 22939K, capacity 23434K, committed 23552K, reserved 23936K
}
Event: 1593.082 GC heap before
{Heap before GC invocations=21 (full 5):
 def new generation   total 112320K, used 79762K [0x04800000, 0x0c1d0000, 0x0f2a0000)
  eden space 99904K,  69% used [0x04800000, 0x08b54e78, 0x0a990000)
  from space 12416K,  87% used [0x0b5b0000, 0x0c03fcd0, 0x0c1d0000)
  to   space 12416K,   0% used [0x0a990000, 0x0a990000, 0x0b5b0000)
 tenured generation   total 249304K, used 166244K [0x0f2a0000, 0x1e616000, 0x24800000)
   the space 249304K,  66% used [0x0f2a0000, 0x194f9188, 0x194f9200, 0x1e616000)
 Metaspace       used 23088K, capacity 23597K, committed 23808K, reserved 23936K
Event: 1593.096 GC heap after
Heap after GC invocations=22 (full 5):
 def new generation   total 112320K, used 8539K [0x04800000, 0x0c1d0000, 0x0f2a0000)
  eden space 99904K,   0% used [0x04800000, 0x04800000, 0x0a990000)
  from space 12416K,  68% used [0x0a990000, 0x0b1e6e90, 0x0b5b0000)
  to   space 12416K,   0% used [0x0b5b0000, 0x0b5b0000, 0x0c1d0000)
 tenured generation   total 249304K, used 191685K [0x0f2a0000, 0x1e616000, 0x24800000)
   the space 249304K,  76% used [0x0f2a0000, 0x1add1790, 0x1add1800, 0x1e616000)
 Metaspace       used 23088K, capacity 23597K, committed 23808K, reserved 23936K
}
Event: 1593.632 GC heap before
{Heap before GC invocations=22 (full 5):
 def new generation   total 112320K, used 108443K [0x04800000, 0x0c1d0000, 0x0f2a0000)
  eden space 99904K, 100% used [0x04800000, 0x0a990000, 0x0a990000)
  from space 12416K,  68% used [0x0a990000, 0x0b1e6e90, 0x0b5b0000)
  to   space 12416K,   0% used [0x0b5b0000, 0x0b5b0000, 0x0c1d0000)
 tenured generation   total 249304K, used 191685K [0x0f2a0000, 0x1e616000, 0x24800000)
   the space 249304K,  76% used [0x0f2a0000, 0x1add1790, 0x1add1800, 0x1e616000)
 Metaspace       used 23111K, capacity 23629K, committed 23808K, reserved 23936K
Event: 1593.923 GC heap after
Heap after GC invocations=23 (full 6):
 def new generation   total 157248K, used 0K [0x04800000, 0x0f2a0000, 0x0f2a0000)
  eden space 139776K,   0% used [0x04800000, 0x04800000, 0x0d080000)
  from space 17472K,   0% used [0x0d080000, 0x0d080000, 0x0e190000)
  to   space 17472K,   0% used [0x0e190000, 0x0e190000, 0x0f2a0000)
 tenured generation   total 349568K, used 283136K [0x0f2a0000, 0x24800000, 0x24800000)
   the space 349568K,  80% used [0x0f2a0000, 0x20720250, 0x20720400, 0x24800000)
 Metaspace       used 23111K, capacity 23629K, committed 23808K, reserved 23936K
}
Event: 1595.312 GC heap before
{Heap before GC invocations=23 (full 6):
 def new generation   total 157248K, used 139776K [0x04800000, 0x0f2a0000, 0x0f2a0000)
  eden space 139776K, 100% used [0x04800000, 0x0d080000, 0x0d080000)
  from space 17472K,   0% used [0x0d080000, 0x0d080000, 0x0e190000)
  to   space 17472K,   0% used [0x0e190000, 0x0e190000, 0x0f2a0000)
 tenured generation   total 349568K, used 283136K [0x0f2a0000, 0x24800000, 0x24800000)
   the space 349568K,  80% used [0x0f2a0000, 0x20720250, 0x20720400, 0x24800000)
 Metaspace       used 23111K, capacity 23629K, committed 23808K, reserved 23936K
Event: 1595.762 GC heap after
Heap after GC invocations=24 (full 7):
 def new generation   total 157248K, used 39981K [0x04800000, 0x0f2a0000, 0x0f2a0000)
  eden space 139776K,  28% used [0x04800000, 0x06f0b568, 0x0d080000)
  from space 17472K,   0% used [0x0d080000, 0x0d080000, 0x0e190000)
  to   space 17472K,   0% used [0x0e190000, 0x0e190000, 0x0f2a0000)
 tenured generation   total 349568K, used 349567K [0x0f2a0000, 0x24800000, 0x24800000)
   the space 349568K,  99% used [0x0f2a0000, 0x247ffff8, 0x24800000, 0x24800000)
 Metaspace       used 23111K, capacity 23629K, committed 23808K, reserved 23936K
}

